activitywatch_notification.png
basic_window.png
broadcast_01.png
broadcast_02.png
broadcast_03.png
context_open_debug_tab.png
custom_commands.png
debug_tab.png
dragterminal_01.png
dragterminal_02.png
grouping_01.png
grouping_02.png
grouping_03.png
grouping_04.png
grouping_05.png
icon_advanced.png
icon_faq.png
icon_gettinginvolved.png
icon_gettingstarted.png
icon_grouping.png
icon_history.png
icon_layout.png
icon_license.png
icon_plugins.png
icon_prefs.png
icon_terminator.png
inactivitywatch_notification.png
large_example.png
plugins_links.png
prefs_about.png
prefs_global.png
prefs_keybindings.png
prefs_layouts.png
prefs_plugins.png
prefs_profiles_background.png
prefs_profiles_colors.png
prefs_profiles_command.png
prefs_profiles_compatability.png
prefs_profiles_general.png
prefs_profiles_scrolling.png
rebalance_01.png
rebalance_02.png
rebalance_03.png
rebalance_04.png
rebalance_05.png
rebalance_06.png
search.png
small_example.png
split_window.png
terminator_advanced.svg
terminator_faq.svg
terminator_gettinginvolved.svg
terminator_gettingstarted.svg
terminator_grouping.svg
terminator_history.svg
terminator_license.svg
terminator_plugins.svg
window_breakdown.png
