imgs/activitywatch_notification.png
imgs/basic_window.png
imgs/broadcast_01.png
imgs/broadcast_02.png
imgs/broadcast_03.png
imgs/context_open_debug_tab.png
imgs/custom_commands.png
imgs/debug_tab.png
imgs/dragterminal_01.png
imgs/dragterminal_02.png
imgs/grouping_01.png
imgs/grouping_02.png
imgs/grouping_03.png
imgs/grouping_04.png
imgs/icon_advanced.png
imgs/icon_faq.png
imgs/icon_gettinginvolved.png
imgs/icon_gettingstarted.png
imgs/icon_grouping.png
imgs/icon_history.png
imgs/icon_layout.png
imgs/icon_license.png
imgs/icon_plugins.png
imgs/icon_prefs.png
imgs/icon_terminator.png
imgs/inactivitywatch_notification.png
imgs/large_example.png
imgs/plugins_links.png
imgs/prefs_about.png
imgs/prefs_global.png
imgs/prefs_keybindings.png
imgs/prefs_layouts.png
imgs/prefs_plugins.png
imgs/prefs_profiles_background.png
imgs/prefs_profiles_colors.png
imgs/prefs_profiles_command.png
imgs/prefs_profiles_compatability.png
imgs/prefs_profiles_general.png
imgs/prefs_profiles_scrolling.png
imgs/rebalance_01.png
imgs/rebalance_02.png
imgs/rebalance_03.png
imgs/rebalance_04.png
imgs/rebalance_05.png
imgs/rebalance_06.png
imgs/search.png
imgs/small_example.png
imgs/split_window.png
imgs/window_breakdown.png
